# JRE version: Java(TM) SE Runtime Environment (8.0_202-b08) (build 1.8.0_202-b08)
# Java VM: Java HotSpot(TM) 64-Bit Server VM (25.202-b08 mixed mode windows-amd64 compressed oops)
Heap:
 garbage-first heap   total 2424832K, used 201368K [0x0000000714000000, 0x0000000716000250, 0x00000007c0000000)
  region size 32768K, 1 young (32768K), 1 survivors (32768K)
 Metaspace       used 50572K, capacity 53948K, committed 54168K, reserved 1097728K
  class space    used 5692K, capacity 6754K, committed 6808K, reserved 1048576K
GC Heap History (10 events):
Event: 9.716 GC heap after
Heap after GC invocations=19 (full 0):
 garbage-first heap   total 1507328K, used 185290K [0x0000000714000000, 0x0000000716000170, 0x00000007c0000000)
  region size 32768K, 1 young (32768K), 1 survivors (32768K)
 Metaspace       used 50360K, capacity 53724K, committed 53912K, reserved 1095680K
  class space    used 5671K, capacity 6722K, committed 6808K, reserved 1048576K
}
Event: 9.845 GC heap before
{Heap before GC invocations=19 (full 0):
 garbage-first heap   total 1507328K, used 283594K [0x0000000714000000, 0x0000000716000170, 0x00000007c0000000)
  region size 32768K, 4 young (131072K), 1 survivors (32768K)
 Metaspace       used 50549K, capacity 53948K, committed 54168K, reserved 1097728K
  class space    used 5691K, capacity 6754K, committed 6808K, reserved 1048576K
Event: 9.901 GC heap after
Heap after GC invocations=20 (full 0):
 garbage-first heap   total 1769472K, used 190937K [0x0000000714000000, 0x00000007160001b0, 0x00000007c0000000)
  region size 32768K, 1 young (32768K), 1 survivors (32768K)
 Metaspace       used 50549K, capacity 53948K, committed 54168K, reserved 1097728K
  class space    used 5691K, capacity 6754K, committed 6808K, reserved 1048576K
}
Event: 10.061 GC heap before
{Heap before GC invocations=20 (full 0):
 garbage-first heap   total 1769472K, used 289241K [0x0000000714000000, 0x00000007160001b0, 0x00000007c0000000)
  region size 32768K, 4 young (131072K), 1 survivors (32768K)
 Metaspace       used 50549K, capacity 53948K, committed 54168K, reserved 1097728K
  class space    used 5691K, capacity 6754K, committed 6808K, reserved 1048576K
Event: 10.078 GC heap after
Heap after GC invocations=21 (full 0):
 garbage-first heap   total 1998848K, used 189333K [0x0000000714000000, 0x00000007160001e8, 0x00000007c0000000)
  region size 32768K, 1 young (32768K), 1 survivors (32768K)
 Metaspace       used 50549K, capacity 53948K, committed 54168K, reserved 1097728K
  class space    used 5691K, capacity 6754K, committed 6808K, reserved 1048576K
}
Event: 10.213 GC heap before
{Heap before GC invocations=21 (full 0):
 garbage-first heap   total 1998848K, used 287637K [0x0000000714000000, 0x00000007160001e8, 0x00000007c0000000)
  region size 32768K, 4 young (131072K), 1 survivors (32768K)
 Metaspace       used 50549K, capacity 53948K, committed 54168K, reserved 1097728K
  class space    used 5691K, capacity 6754K, committed 6808K, reserved 1048576K
Event: 10.231 GC heap after
Heap after GC invocations=22 (full 0):
 garbage-first heap   total 2162688K, used 193971K [0x0000000714000000, 0x0000000716000210, 0x00000007c0000000)
  region size 32768K, 1 young (32768K), 1 survivors (32768K)
 Metaspace       used 50549K, capacity 53948K, committed 54168K, reserved 1097728K
  class space    used 5691K, capacity 6754K, committed 6808K, reserved 1048576K
}
Event: 10.351 GC heap before
{Heap before GC invocations=22 (full 0):
 garbage-first heap   total 2162688K, used 292275K [0x0000000714000000, 0x0000000716000210, 0x00000007c0000000)
  region size 32768K, 4 young (131072K), 1 survivors (32768K)
 Metaspace       used 50549K, capacity 53948K, committed 54168K, reserved 1097728K
  class space    used 5691K, capacity 6754K, committed 6808K, reserved 1048576K
Event: 10.393 GC heap after
Heap after GC invocations=23 (full 0):
 garbage-first heap   total 2293760K, used 194410K [0x0000000714000000, 0x0000000716000230, 0x00000007c0000000)
  region size 32768K, 1 young (32768K), 1 survivors (32768K)
 Metaspace       used 50549K, capacity 53948K, committed 54168K, reserved 1097728K
  class space    used 5691K, capacity 6754K, committed 6808K, reserved 1048576K
}
Event: 10.744 GC heap before
{Heap before GC invocations=23 (full 0):
 garbage-first heap   total 2293760K, used 292714K [0x0000000714000000, 0x0000000716000230, 0x00000007c0000000)
  region size 32768K, 4 young (131072K), 1 survivors (32768K)
 Metaspace       used 50572K, capacity 53948K, committed 54168K, reserved 1097728K
  class space    used 5692K, capacity 6754K, committed 6808K, reserved 1048576K

