# JRE version: Java(TM) SE Runtime Environment (8.0_202-b08) (build 1.8.0_202-b08)
# Java VM: Java HotSpot(TM) 64-Bit Server VM (25.202-b08 mixed mode windows-amd64 compressed oops)
Heap:
 garbage-first heap   total 2752512K, used 216120K [0x0000000714000000, 0x00000007160002a0, 0x00000007c0000000)
  region size 32768K, 1 young (32768K), 1 survivors (32768K)
 Metaspace       used 50387K, capacity 53790K, committed 54088K, reserved 1097728K
  class space    used 5679K, capacity 6721K, committed 6728K, reserved 1048576K
GC Heap History (10 events):
Event: 13.902 GC heap after
Heap after GC invocations=24 (full 0):
 garbage-first heap   total 2523136K, used 209242K [0x0000000714000000, 0x0000000716000268, 0x00000007c0000000)
  region size 32768K, 1 young (32768K), 1 survivors (32768K)
 Metaspace       used 50302K, capacity 53726K, committed 53832K, reserved 1095680K
  class space    used 5668K, capacity 6721K, committed 6728K, reserved 1048576K
}
Event: 14.001 GC heap before
{Heap before GC invocations=24 (full 0):
 garbage-first heap   total 2523136K, used 307546K [0x0000000714000000, 0x0000000716000268, 0x00000007c0000000)
  region size 32768K, 4 young (131072K), 1 survivors (32768K)
 Metaspace       used 50315K, capacity 53726K, committed 53832K, reserved 1095680K
  class space    used 5671K, capacity 6721K, committed 6728K, reserved 1048576K
Event: 14.023 GC heap after
Heap after GC invocations=25 (full 0):
 garbage-first heap   total 2588672K, used 212904K [0x0000000714000000, 0x0000000716000278, 0x00000007c0000000)
  region size 32768K, 1 young (32768K), 1 survivors (32768K)
 Metaspace       used 50315K, capacity 53726K, committed 53832K, reserved 1095680K
  class space    used 5671K, capacity 6721K, committed 6728K, reserved 1048576K
}
Event: 14.138 GC heap before
{Heap before GC invocations=25 (full 0):
 garbage-first heap   total 2588672K, used 311208K [0x0000000714000000, 0x0000000716000278, 0x00000007c0000000)
  region size 32768K, 4 young (131072K), 1 survivors (32768K)
 Metaspace       used 50337K, capacity 53726K, committed 53832K, reserved 1095680K
  class space    used 5676K, capacity 6721K, committed 6728K, reserved 1048576K
Event: 14.164 GC heap after
Heap after GC invocations=26 (full 0):
 garbage-first heap   total 2654208K, used 210936K [0x0000000714000000, 0x0000000716000288, 0x00000007c0000000)
  region size 32768K, 1 young (32768K), 1 survivors (32768K)
 Metaspace       used 50337K, capacity 53726K, committed 53832K, reserved 1095680K
  class space    used 5676K, capacity 6721K, committed 6728K, reserved 1048576K
}
Event: 14.264 GC heap before
{Heap before GC invocations=26 (full 0):
 garbage-first heap   total 2654208K, used 309240K [0x0000000714000000, 0x0000000716000288, 0x00000007c0000000)
  region size 32768K, 4 young (131072K), 1 survivors (32768K)
 Metaspace       used 50387K, capacity 53790K, committed 54088K, reserved 1097728K
  class space    used 5679K, capacity 6721K, committed 6728K, reserved 1048576K
Event: 14.288 GC heap after
Heap after GC invocations=27 (full 0):
 garbage-first heap   total 2686976K, used 206045K [0x0000000714000000, 0x0000000716000290, 0x00000007c0000000)
  region size 32768K, 1 young (32768K), 1 survivors (32768K)
 Metaspace       used 50387K, capacity 53790K, committed 54088K, reserved 1097728K
  class space    used 5679K, capacity 6721K, committed 6728K, reserved 1048576K
}
Event: 14.349 GC heap before
{Heap before GC invocations=27 (full 0):
 garbage-first heap   total 2686976K, used 304349K [0x0000000714000000, 0x0000000716000290, 0x00000007c0000000)
  region size 32768K, 4 young (131072K), 1 survivors (32768K)
 Metaspace       used 50387K, capacity 53790K, committed 54088K, reserved 1097728K
  class space    used 5679K, capacity 6721K, committed 6728K, reserved 1048576K
Event: 14.385 GC heap after
Heap after GC invocations=28 (full 0):
 garbage-first heap   total 2719744K, used 212529K [0x0000000714000000, 0x0000000716000298, 0x00000007c0000000)
  region size 32768K, 1 young (32768K), 1 survivors (32768K)
 Metaspace       used 50387K, capacity 53790K, committed 54088K, reserved 1097728K
  class space    used 5679K, capacity 6721K, committed 6728K, reserved 1048576K
}
Event: 14.466 GC heap before
{Heap before GC invocations=28 (full 0):
 garbage-first heap   total 2719744K, used 310833K [0x0000000714000000, 0x0000000716000298, 0x00000007c0000000)
  region size 32768K, 4 young (131072K), 1 survivors (32768K)
 Metaspace       used 50387K, capacity 53790K, committed 54088K, reserved 1097728K
  class space    used 5679K, capacity 6721K, committed 6728K, reserved 1048576K

