# JRE version: Java(TM) SE Runtime Environment (8.0_271-b09) (build 1.8.0_271-b09)
# Java VM: Java HotSpot(TM) 64-Bit Server VM (25.271-b09 mixed mode windows-amd64 compressed oops)
Heap:
 garbage-first heap   total 2818048K, used 1155490K [0x0000000714000000, 0x00000007160002b0, 0x00000007c0000000)
  region size 32768K, 3 young (98304K), 1 survivors (32768K)
 Metaspace       used 111928K, capacity 127410K, committed 127552K, reserved 1157120K
  class space    used 16362K, capacity 20052K, committed 20092K, reserved 1048576K
GC Heap History (10 events):
Event: 143.039 GC heap before
{Heap before GC invocations=939 (full 0):
 garbage-first heap   total 2818048K, used 1195899K [0x0000000714000000, 0x00000007160002b0, 0x00000007c0000000)
  region size 32768K, 4 young (131072K), 1 survivors (32768K)
 Metaspace       used 111849K, capacity 127344K, committed 127552K, reserved 1157120K
  class space    used 16358K, capacity 20051K, committed 20092K, reserved 1048576K
Event: 143.048 GC heap after
Heap after GC invocations=940 (full 0):
 garbage-first heap   total 2818048K, used 1099281K [0x0000000714000000, 0x00000007160002b0, 0x00000007c0000000)
  region size 32768K, 1 young (32768K), 1 survivors (32768K)
 Metaspace       used 111849K, capacity 127344K, committed 127552K, reserved 1157120K
  class space    used 16358K, capacity 20051K, committed 20092K, reserved 1048576K
}
Event: 143.273 GC heap before
{Heap before GC invocations=940 (full 0):
 garbage-first heap   total 2818048K, used 1197585K [0x0000000714000000, 0x00000007160002b0, 0x00000007c0000000)
  region size 32768K, 4 young (131072K), 1 survivors (32768K)
 Metaspace       used 111849K, capacity 127344K, committed 127552K, reserved 1157120K
  class space    used 16358K, capacity 20051K, committed 20092K, reserved 1048576K
Event: 143.281 GC heap after
Heap after GC invocations=941 (full 0):
 garbage-first heap   total 2818048K, used 1097152K [0x0000000714000000, 0x00000007160002b0, 0x00000007c0000000)
  region size 32768K, 1 young (32768K), 1 survivors (32768K)
 Metaspace       used 111849K, capacity 127344K, committed 127552K, reserved 1157120K
  class space    used 16358K, capacity 20051K, committed 20092K, reserved 1048576K
}
Event: 143.507 GC heap before
{Heap before GC invocations=941 (full 0):
 garbage-first heap   total 2818048K, used 1195456K [0x0000000714000000, 0x00000007160002b0, 0x00000007c0000000)
  region size 32768K, 4 young (131072K), 1 survivors (32768K)
 Metaspace       used 111849K, capacity 127344K, committed 127552K, reserved 1157120K
  class space    used 16358K, capacity 20051K, committed 20092K, reserved 1048576K
Event: 143.516 GC heap after
Heap after GC invocations=942 (full 0):
 garbage-first heap   total 2818048K, used 1101302K [0x0000000714000000, 0x00000007160002b0, 0x00000007c0000000)
  region size 32768K, 1 young (32768K), 1 survivors (32768K)
 Metaspace       used 111849K, capacity 127344K, committed 127552K, reserved 1157120K
  class space    used 16358K, capacity 20051K, committed 20092K, reserved 1048576K
}
Event: 143.748 GC heap before
{Heap before GC invocations=942 (full 0):
 garbage-first heap   total 2818048K, used 1199606K [0x0000000714000000, 0x00000007160002b0, 0x00000007c0000000)
  region size 32768K, 4 young (131072K), 1 survivors (32768K)
 Metaspace       used 111849K, capacity 127344K, committed 127552K, reserved 1157120K
  class space    used 16358K, capacity 20051K, committed 20092K, reserved 1048576K
Event: 143.756 GC heap after
Heap after GC invocations=943 (full 0):
 garbage-first heap   total 2818048K, used 1101407K [0x0000000714000000, 0x00000007160002b0, 0x00000007c0000000)
  region size 32768K, 1 young (32768K), 1 survivors (32768K)
 Metaspace       used 111849K, capacity 127344K, committed 127552K, reserved 1157120K
  class space    used 16358K, capacity 20051K, committed 20092K, reserved 1048576K
}
Event: 144.423 GC heap before
{Heap before GC invocations=943 (full 0):
 garbage-first heap   total 2818048K, used 1199711K [0x0000000714000000, 0x00000007160002b0, 0x00000007c0000000)
  region size 32768K, 4 young (131072K), 1 survivors (32768K)
 Metaspace       used 111850K, capacity 127344K, committed 127552K, reserved 1157120K
  class space    used 16358K, capacity 20051K, committed 20092K, reserved 1048576K
Event: 144.455 GC heap after
Heap after GC invocations=944 (full 0):
 garbage-first heap   total 2818048K, used 1122722K [0x0000000714000000, 0x00000007160002b0, 0x00000007c0000000)
  region size 32768K, 1 young (32768K), 1 survivors (32768K)
 Metaspace       used 111850K, capacity 127344K, committed 127552K, reserved 1157120K
  class space    used 16358K, capacity 20051K, committed 20092K, reserved 1048576K
}

