# JRE version: Java(TM) SE Runtime Environment (8.0_202-b08) (build 1.8.0_202-b08)
# Java VM: Java HotSpot(TM) 64-Bit Server VM (25.202-b08 mixed mode windows-amd64 compressed oops)
Heap:
 garbage-first heap   total 2424832K, used 194467K [0x0000000714000000, 0x0000000716000250, 0x00000007c0000000)
  region size 32768K, 1 young (32768K), 1 survivors (32768K)
 Metaspace       used 50099K, capacity 53429K, committed 53860K, reserved 1095680K
  class space    used 5639K, capacity 6648K, committed 6756K, reserved 1048576K
GC Heap History (10 events):
Event: 5.584 GC heap after
Heap after GC invocations=17 (full 0):
 garbage-first heap   total 1474560K, used 186895K [0x0000000714000000, 0x0000000716000168, 0x00000007c0000000)
  region size 32768K, 1 young (32768K), 1 survivors (32768K)
 Metaspace       used 49732K, capacity 53121K, committed 53220K, reserved 1095680K
  class space    used 5610K, capacity 6622K, committed 6628K, reserved 1048576K
}
Event: 5.707 GC heap before
{Heap before GC invocations=18 (full 0):
 garbage-first heap   total 1474560K, used 285199K [0x0000000714000000, 0x0000000716000168, 0x00000007c0000000)
  region size 32768K, 4 young (131072K), 1 survivors (32768K)
 Metaspace       used 49823K, capacity 53263K, committed 53476K, reserved 1095680K
  class space    used 5611K, capacity 6611K, committed 6628K, reserved 1048576K
Event: 5.722 GC heap after
Heap after GC invocations=19 (full 0):
 garbage-first heap   total 1769472K, used 188201K [0x0000000714000000, 0x00000007160001b0, 0x00000007c0000000)
  region size 32768K, 1 young (32768K), 1 survivors (32768K)
 Metaspace       used 49823K, capacity 53263K, committed 53476K, reserved 1095680K
  class space    used 5611K, capacity 6611K, committed 6628K, reserved 1048576K
}
Event: 5.816 GC heap before
{Heap before GC invocations=19 (full 0):
 garbage-first heap   total 1769472K, used 286505K [0x0000000714000000, 0x00000007160001b0, 0x00000007c0000000)
  region size 32768K, 4 young (131072K), 1 survivors (32768K)
 Metaspace       used 49906K, capacity 53265K, committed 53476K, reserved 1095680K
  class space    used 5616K, capacity 6612K, committed 6628K, reserved 1048576K
Event: 5.833 GC heap after
Heap after GC invocations=20 (full 0):
 garbage-first heap   total 1998848K, used 186768K [0x0000000714000000, 0x00000007160001e8, 0x00000007c0000000)
  region size 32768K, 1 young (32768K), 1 survivors (32768K)
 Metaspace       used 49906K, capacity 53265K, committed 53476K, reserved 1095680K
  class space    used 5616K, capacity 6612K, committed 6628K, reserved 1048576K
}
Event: 5.900 GC heap before
{Heap before GC invocations=20 (full 0):
 garbage-first heap   total 1998848K, used 285072K [0x0000000714000000, 0x00000007160001e8, 0x00000007c0000000)
  region size 32768K, 4 young (131072K), 1 survivors (32768K)
 Metaspace       used 49985K, capacity 53267K, committed 53476K, reserved 1095680K
  class space    used 5625K, capacity 6614K, committed 6628K, reserved 1048576K
Event: 5.929 GC heap after
Heap after GC invocations=21 (full 0):
 garbage-first heap   total 2162688K, used 190339K [0x0000000714000000, 0x0000000716000210, 0x00000007c0000000)
  region size 32768K, 1 young (32768K), 1 survivors (32768K)
 Metaspace       used 49985K, capacity 53267K, committed 53476K, reserved 1095680K
  class space    used 5625K, capacity 6614K, committed 6628K, reserved 1048576K
}
Event: 6.013 GC heap before
{Heap before GC invocations=21 (full 0):
 garbage-first heap   total 2162688K, used 288643K [0x0000000714000000, 0x0000000716000210, 0x00000007c0000000)
  region size 32768K, 4 young (131072K), 1 survivors (32768K)
 Metaspace       used 50082K, capacity 53429K, committed 53860K, reserved 1095680K
  class space    used 5637K, capacity 6648K, committed 6756K, reserved 1048576K
Event: 6.028 GC heap after
Heap after GC invocations=22 (full 0):
 garbage-first heap   total 2293760K, used 194482K [0x0000000714000000, 0x0000000716000230, 0x00000007c0000000)
  region size 32768K, 1 young (32768K), 1 survivors (32768K)
 Metaspace       used 50082K, capacity 53429K, committed 53860K, reserved 1095680K
  class space    used 5637K, capacity 6648K, committed 6756K, reserved 1048576K
}
Event: 6.093 GC heap before
{Heap before GC invocations=22 (full 0):
 garbage-first heap   total 2293760K, used 292786K [0x0000000714000000, 0x0000000716000230, 0x00000007c0000000)
  region size 32768K, 4 young (131072K), 1 survivors (32768K)
 Metaspace       used 50099K, capacity 53429K, committed 53860K, reserved 1095680K
  class space    used 5639K, capacity 6648K, committed 6756K, reserved 1048576K

