# JRE version: Java(TM) SE Runtime Environment (8.0_111-b14) (build 1.8.0_111-b14)
# Java VM: Java HotSpot(TM) 64-Bit Server VM (25.111-b14 mixed mode windows-amd64 compressed oops)
Heap:
 par new generation   total 118016K, used 18322K [0x00000005ff200000, 0x0000000607200000, 0x0000000607200000)
  eden space 104960K,  10% used [0x00000005ff200000, 0x00000005ffcc0a48, 0x0000000605880000)
  from space 13056K,  56% used [0x0000000606540000, 0x0000000606c640d8, 0x0000000607200000)
  to   space 13056K,   0% used [0x0000000605880000, 0x0000000605880000, 0x0000000606540000)
 concurrent mark-sweep generation total 626984K, used 574129K [0x0000000607200000, 0x000000062d64a000, 0x00000007c0000000)
 Metaspace       used 101385K, capacity 115641K, committed 115808K, reserved 1146880K
  class space    used 14304K, capacity 17513K, committed 17536K, reserved 1048576K
GC Heap History (10 events):
Event: 190.509 GC heap before
{Heap before GC invocations=1018 (full 14):
 par new generation   total 118016K, used 118016K [0x00000005ff200000, 0x0000000607200000, 0x0000000607200000)
  eden space 104960K, 100% used [0x00000005ff200000, 0x0000000605880000, 0x0000000605880000)
  from space 13056K, 100% used [0x0000000605880000, 0x0000000606540000, 0x0000000606540000)
  to   space 13056K,   0% used [0x0000000606540000, 0x0000000606540000, 0x0000000607200000)
 concurrent mark-sweep generation total 626984K, used 570683K [0x0000000607200000, 0x000000062d64a000, 0x00000007c0000000)
 Metaspace       used 101326K, capacity 115573K, committed 115808K, reserved 1146880K
  class space    used 14300K, capacity 17513K, committed 17536K, reserved 1048576K
Event: 190.514 GC heap after
Heap after GC invocations=1019 (full 14):
 par new generation   total 118016K, used 11884K [0x00000005ff200000, 0x0000000607200000, 0x0000000607200000)
  eden space 104960K,   0% used [0x00000005ff200000, 0x00000005ff200000, 0x0000000605880000)
  from space 13056K,  91% used [0x0000000606540000, 0x00000006070db3e8, 0x0000000607200000)
  to   space 13056K,   0% used [0x0000000605880000, 0x0000000605880000, 0x0000000606540000)
 concurrent mark-sweep generation total 626984K, used 574129K [0x0000000607200000, 0x000000062d64a000, 0x00000007c0000000)
 Metaspace       used 101326K, capacity 115573K, committed 115808K, reserved 1146880K
  class space    used 14300K, capacity 17513K, committed 17536K, reserved 1048576K
}
Event: 191.385 GC heap before
{Heap before GC invocations=1019 (full 14):
 par new generation   total 118016K, used 116844K [0x00000005ff200000, 0x0000000607200000, 0x0000000607200000)
  eden space 104960K, 100% used [0x00000005ff200000, 0x0000000605880000, 0x0000000605880000)
  from space 13056K,  91% used [0x0000000606540000, 0x00000006070db3e8, 0x0000000607200000)
  to   space 13056K,   0% used [0x0000000605880000, 0x0000000605880000, 0x0000000606540000)
 concurrent mark-sweep generation total 626984K, used 574129K [0x0000000607200000, 0x000000062d64a000, 0x00000007c0000000)
 Metaspace       used 101331K, capacity 115577K, committed 115808K, reserved 1146880K
  class space    used 14300K, capacity 17513K, committed 17536K, reserved 1048576K
Event: 191.390 GC heap after
Heap after GC invocations=1020 (full 14):
 par new generation   total 118016K, used 5456K [0x00000005ff200000, 0x0000000607200000, 0x0000000607200000)
  eden space 104960K,   0% used [0x00000005ff200000, 0x00000005ff200000, 0x0000000605880000)
  from space 13056K,  41% used [0x0000000605880000, 0x0000000605dd41c8, 0x0000000606540000)
  to   space 13056K,   0% used [0x0000000606540000, 0x0000000606540000, 0x0000000607200000)
 concurrent mark-sweep generation total 626984K, used 574129K [0x0000000607200000, 0x000000062d64a000, 0x00000007c0000000)
 Metaspace       used 101331K, capacity 115577K, committed 115808K, reserved 1146880K
  class space    used 14300K, capacity 17513K, committed 17536K, reserved 1048576K
}
Event: 192.795 GC heap before
{Heap before GC invocations=1020 (full 14):
 par new generation   total 118016K, used 110416K [0x00000005ff200000, 0x0000000607200000, 0x0000000607200000)
  eden space 104960K, 100% used [0x00000005ff200000, 0x0000000605880000, 0x0000000605880000)
  from space 13056K,  41% used [0x0000000605880000, 0x0000000605dd41c8, 0x0000000606540000)
  to   space 13056K,   0% used [0x0000000606540000, 0x0000000606540000, 0x0000000607200000)
 concurrent mark-sweep generation total 626984K, used 574129K [0x0000000607200000, 0x000000062d64a000, 0x00000007c0000000)
 Metaspace       used 101341K, capacity 115577K, committed 115808K, reserved 1146880K
  class space    used 14300K, capacity 17513K, committed 17536K, reserved 1048576K
Event: 192.799 GC heap after
Heap after GC invocations=1021 (full 14):
 par new generation   total 118016K, used 5895K [0x00000005ff200000, 0x0000000607200000, 0x0000000607200000)
  eden space 104960K,   0% used [0x00000005ff200000, 0x00000005ff200000, 0x0000000605880000)
  from space 13056K,  45% used [0x0000000606540000, 0x0000000606b01f38, 0x0000000607200000)
  to   space 13056K,   0% used [0x0000000605880000, 0x0000000605880000, 0x0000000606540000)
 concurrent mark-sweep generation total 626984K, used 574129K [0x0000000607200000, 0x000000062d64a000, 0x00000007c0000000)
 Metaspace       used 101341K, capacity 115577K, committed 115808K, reserved 1146880K
  class space    used 14300K, capacity 17513K, committed 17536K, reserved 1048576K
}
Event: 212.389 GC heap before
{Heap before GC invocations=1021 (full 14):
 par new generation   total 118016K, used 110855K [0x00000005ff200000, 0x0000000607200000, 0x0000000607200000)
  eden space 104960K, 100% used [0x00000005ff200000, 0x0000000605880000, 0x0000000605880000)
  from space 13056K,  45% used [0x0000000606540000, 0x0000000606b01f38, 0x0000000607200000)
  to   space 13056K,   0% used [0x0000000605880000, 0x0000000605880000, 0x0000000606540000)
 concurrent mark-sweep generation total 626984K, used 574129K [0x0000000607200000, 0x000000062d64a000, 0x00000007c0000000)
 Metaspace       used 101383K, capacity 115641K, committed 115808K, reserved 1146880K
  class space    used 14304K, capacity 17513K, committed 17536K, reserved 1048576K
Event: 212.394 GC heap after
Heap after GC invocations=1022 (full 14):
 par new generation   total 118016K, used 7578K [0x00000005ff200000, 0x0000000607200000, 0x0000000607200000)
  eden space 104960K,   0% used [0x00000005ff200000, 0x00000005ff200000, 0x0000000605880000)
  from space 13056K,  58% used [0x0000000605880000, 0x0000000605fe69f0, 0x0000000606540000)
  to   space 13056K,   0% used [0x0000000606540000, 0x0000000606540000, 0x0000000607200000)
 concurrent mark-sweep generation total 626984K, used 574129K [0x0000000607200000, 0x000000062d64a000, 0x00000007c0000000)
 Metaspace       used 101383K, capacity 115641K, committed 115808K, reserved 1146880K
  class space    used 14304K, capacity 17513K, committed 17536K, reserved 1048576K
}
Event: 212.621 GC heap before
{Heap before GC invocations=1022 (full 14):
 par new generation   total 118016K, used 112538K [0x00000005ff200000, 0x0000000607200000, 0x0000000607200000)
  eden space 104960K, 100% used [0x00000005ff200000, 0x0000000605880000, 0x0000000605880000)
  from space 13056K,  58% used [0x0000000605880000, 0x0000000605fe69f0, 0x0000000606540000)
  to   space 13056K,   0% used [0x0000000606540000, 0x0000000606540000, 0x0000000607200000)
 concurrent mark-sweep generation total 626984K, used 574129K [0x0000000607200000, 0x000000062d64a000, 0x00000007c0000000)
 Metaspace       used 101385K, capacity 115641K, committed 115808K, reserved 1146880K
  class space    used 14304K, capacity 17513K, committed 17536K, reserved 1048576K
Event: 212.626 GC heap after
Heap after GC invocations=1023 (full 14):
 par new generation   total 118016K, used 7312K [0x00000005ff200000, 0x0000000607200000, 0x0000000607200000)
  eden space 104960K,   0% used [0x00000005ff200000, 0x00000005ff200000, 0x0000000605880000)
  from space 13056K,  56% used [0x0000000606540000, 0x0000000606c640d8, 0x0000000607200000)
  to   space 13056K,   0% used [0x0000000605880000, 0x0000000605880000, 0x0000000606540000)
 concurrent mark-sweep generation total 626984K, used 574129K [0x0000000607200000, 0x000000062d64a000, 0x00000007c0000000)
 Metaspace       used 101385K, capacity 115641K, committed 115808K, reserved 1146880K
  class space    used 14304K, capacity 17513K, committed 17536K, reserved 1048576K
}

