# JRE version: Java(TM) SE Runtime Environment (8.0_111-b14) (build 1.8.0_111-b14)
# Java VM: Java HotSpot(TM) 64-Bit Server VM (25.111-b14 mixed mode windows-amd64 compressed oops)
Heap:
 par new generation   total 118016K, used 101750K [0x00000005ff200000, 0x0000000607200000, 0x0000000607200000)
  eden space 104960K,  84% used [0x00000005ff200000, 0x000000060489dd40, 0x0000000605880000)
  from space 13056K,  99% used [0x0000000605880000, 0x000000060653fd38, 0x0000000606540000)
  to   space 13056K,   0% used [0x0000000606540000, 0x0000000606540000, 0x0000000607200000)
 concurrent mark-sweep generation total 1054244K, used 696228K [0x0000000607200000, 0x0000000647789000, 0x00000007c0000000)
 Metaspace       used 76880K, capacity 84608K, committed 84920K, reserved 1122304K
  class space    used 10528K, capacity 12413K, committed 12536K, reserved 1048576K
GC Heap History (10 events):
Event: 132.467 GC heap before
{Heap before GC invocations=707 (full 9):
 par new generation   total 118016K, used 118016K [0x00000005ff200000, 0x0000000607200000, 0x0000000607200000)
  eden space 104960K, 100% used [0x00000005ff200000, 0x0000000605880000, 0x0000000605880000)
  from space 13056K, 100% used [0x0000000606540000, 0x0000000607200000, 0x0000000607200000)
  to   space 13056K,   0% used [0x0000000605880000, 0x0000000605880000, 0x0000000606540000)
 concurrent mark-sweep generation total 532252K, used 528422K [0x0000000607200000, 0x00000006279c7000, 0x00000007c0000000)
 Metaspace       used 76672K, capacity 84394K, committed 84664K, reserved 1122304K
  class space    used 10522K, capacity 12416K, committed 12536K, reserved 1048576K
Event: 132.580 GC heap after
Heap after GC invocations=708 (full 9):
 par new generation   total 118016K, used 13056K [0x00000005ff200000, 0x0000000607200000, 0x0000000607200000)
  eden space 104960K,   0% used [0x00000005ff200000, 0x00000005ff200000, 0x0000000605880000)
  from space 13056K, 100% used [0x0000000605880000, 0x0000000606540000, 0x0000000606540000)
  to   space 13056K,   0% used [0x0000000606540000, 0x0000000606540000, 0x0000000607200000)
 concurrent mark-sweep generation total 613660K, used 609932K [0x0000000607200000, 0x000000062c947000, 0x00000007c0000000)
 Metaspace       used 76672K, capacity 84394K, committed 84664K, reserved 1122304K
  class space    used 10522K, capacity 12416K, committed 12536K, reserved 1048576K
}
Event: 132.850 GC heap before
{Heap before GC invocations=708 (full 9):
 par new generation   total 118016K, used 118016K [0x00000005ff200000, 0x0000000607200000, 0x0000000607200000)
  eden space 104960K, 100% used [0x00000005ff200000, 0x0000000605880000, 0x0000000605880000)
  from space 13056K, 100% used [0x0000000605880000, 0x0000000606540000, 0x0000000606540000)
  to   space 13056K,   0% used [0x0000000606540000, 0x0000000606540000, 0x0000000607200000)
 concurrent mark-sweep generation total 613660K, used 609932K [0x0000000607200000, 0x000000062c947000, 0x00000007c0000000)
 Metaspace       used 76672K, capacity 84394K, committed 84664K, reserved 1122304K
  class space    used 10522K, capacity 12416K, committed 12536K, reserved 1048576K
Event: 132.962 GC heap after
Heap after GC invocations=709 (full 9):
 par new generation   total 118016K, used 13056K [0x00000005ff200000, 0x0000000607200000, 0x0000000607200000)
  eden space 104960K,   0% used [0x00000005ff200000, 0x00000005ff200000, 0x0000000605880000)
  from space 13056K, 100% used [0x0000000606540000, 0x0000000607200000, 0x0000000607200000)
  to   space 13056K,   0% used [0x0000000605880000, 0x0000000605880000, 0x0000000606540000)
 concurrent mark-sweep generation total 695068K, used 691124K [0x0000000607200000, 0x00000006318c7000, 0x00000007c0000000)
 Metaspace       used 76672K, capacity 84394K, committed 84664K, reserved 1122304K
  class space    used 10522K, capacity 12416K, committed 12536K, reserved 1048576K
}
Event: 137.423 GC heap before
{Heap before GC invocations=709 (full 9):
 par new generation   total 118016K, used 118016K [0x00000005ff200000, 0x0000000607200000, 0x0000000607200000)
  eden space 104960K, 100% used [0x00000005ff200000, 0x0000000605880000, 0x0000000605880000)
  from space 13056K, 100% used [0x0000000606540000, 0x0000000607200000, 0x0000000607200000)
  to   space 13056K,   0% used [0x0000000605880000, 0x0000000605880000, 0x0000000606540000)
 concurrent mark-sweep generation total 1054244K, used 632546K [0x0000000607200000, 0x0000000647789000, 0x00000007c0000000)
 Metaspace       used 76671K, capacity 84370K, committed 84664K, reserved 1122304K
  class space    used 10520K, capacity 12412K, committed 12536K, reserved 1048576K
Event: 137.502 GC heap after
Heap after GC invocations=710 (full 9):
 par new generation   total 118016K, used 13056K [0x00000005ff200000, 0x0000000607200000, 0x0000000607200000)
  eden space 104960K,   0% used [0x00000005ff200000, 0x00000005ff200000, 0x0000000605880000)
  from space 13056K, 100% used [0x0000000605880000, 0x0000000606540000, 0x0000000606540000)
  to   space 13056K,   0% used [0x0000000606540000, 0x0000000606540000, 0x0000000607200000)
 concurrent mark-sweep generation total 1054244K, used 661431K [0x0000000607200000, 0x0000000647789000, 0x00000007c0000000)
 Metaspace       used 76671K, capacity 84370K, committed 84664K, reserved 1122304K
  class space    used 10520K, capacity 12412K, committed 12536K, reserved 1048576K
}
Event: 140.613 GC heap before
{Heap before GC invocations=710 (full 9):
 par new generation   total 118016K, used 118016K [0x00000005ff200000, 0x0000000607200000, 0x0000000607200000)
  eden space 104960K, 100% used [0x00000005ff200000, 0x0000000605880000, 0x0000000605880000)
  from space 13056K, 100% used [0x0000000605880000, 0x0000000606540000, 0x0000000606540000)
  to   space 13056K,   0% used [0x0000000606540000, 0x0000000606540000, 0x0000000607200000)
 concurrent mark-sweep generation total 1054244K, used 661431K [0x0000000607200000, 0x0000000647789000, 0x00000007c0000000)
 Metaspace       used 76680K, capacity 84386K, committed 84664K, reserved 1122304K
  class space    used 10521K, capacity 12412K, committed 12536K, reserved 1048576K
Event: 140.649 GC heap after
Heap after GC invocations=711 (full 9):
 par new generation   total 118016K, used 13056K [0x00000005ff200000, 0x0000000607200000, 0x0000000607200000)
  eden space 104960K,   0% used [0x00000005ff200000, 0x00000005ff200000, 0x0000000605880000)
  from space 13056K, 100% used [0x0000000606540000, 0x0000000607200000, 0x0000000607200000)
  to   space 13056K,   0% used [0x0000000605880000, 0x0000000605880000, 0x0000000606540000)
 concurrent mark-sweep generation total 1054244K, used 681634K [0x0000000607200000, 0x0000000647789000, 0x00000007c0000000)
 Metaspace       used 76680K, capacity 84386K, committed 84664K, reserved 1122304K
  class space    used 10521K, capacity 12412K, committed 12536K, reserved 1048576K
}
Event: 146.819 GC heap before
{Heap before GC invocations=711 (full 9):
 par new generation   total 118016K, used 117983K [0x00000005ff200000, 0x0000000607200000, 0x0000000607200000)
  eden space 104960K,  99% used [0x00000005ff200000, 0x0000000605877ce0, 0x0000000605880000)
  from space 13056K, 100% used [0x0000000606540000, 0x0000000607200000, 0x0000000607200000)
  to   space 13056K,   0% used [0x0000000605880000, 0x0000000605880000, 0x0000000606540000)
 concurrent mark-sweep generation total 1054244K, used 681634K [0x0000000607200000, 0x0000000647789000, 0x00000007c0000000)
 Metaspace       used 76759K, capacity 84526K, committed 84664K, reserved 1122304K
  class space    used 10521K, capacity 12412K, committed 12536K, reserved 1048576K
Event: 146.840 GC heap after
Heap after GC invocations=712 (full 9):
 par new generation   total 118016K, used 13055K [0x00000005ff200000, 0x0000000607200000, 0x0000000607200000)
  eden space 104960K,   0% used [0x00000005ff200000, 0x00000005ff200000, 0x0000000605880000)
  from space 13056K,  99% used [0x0000000605880000, 0x000000060653fd38, 0x0000000606540000)
  to   space 13056K,   0% used [0x0000000606540000, 0x0000000606540000, 0x0000000607200000)
 concurrent mark-sweep generation total 1054244K, used 696228K [0x0000000607200000, 0x0000000647789000, 0x00000007c0000000)
 Metaspace       used 76759K, capacity 84526K, committed 84664K, reserved 1122304K
  class space    used 10521K, capacity 12412K, committed 12536K, reserved 1048576K
}

